<?xml version="1.0" encoding="UTF-8"?>
<testng-results ignored="0" total="1" passed="1" failed="0" skipped="0">
  <reporter-output>
  </reporter-output>
  <suite started-at="2023-01-09T12:53:46 IST" name="Suite" finished-at="2023-01-09T12:53:46 IST" duration-ms="89">
    <groups>
    </groups>
    <test started-at="2023-01-09T12:53:46 IST" name="Test" finished-at="2023-01-09T12:53:46 IST" duration-ms="89">
      <class name="xmlParameterization.PracticeTest">
        <test-method signature="demoTest(org.testng.xml.XmlTest)[pri:0, instance:xmlParameterization.PracticeTest@5d534f5d]" started-at="2023-01-09T12:53:46 IST" name="demoTest" finished-at="2023-01-09T12:53:46 IST" duration-ms="18" status="PASS">
          <params>
            <param index="0">
              <value>
                <![CDATA[org.testng.xml.XmlTest@c15dc999]]>
              </value>
            </param>
          </params>
          <reporter-output>
          </reporter-output>
        </test-method> <!-- demoTest -->
      </class> <!-- xmlParameterization.PracticeTest -->
    </test> <!-- Test -->
  </suite> <!-- Suite -->
</testng-results>
